[debug] [2017-06-24T11:47:44.473Z] ----------------------------------------------------------------------
[debug] [2017-06-24T11:47:44.477Z] Command:      /usr/local/bin/node /usr/local/bin/firebase deploy
[debug] [2017-06-24T11:47:44.477Z] CLI Version:  3.9.1
[debug] [2017-06-24T11:47:44.477Z] Platform:     darwin
[debug] [2017-06-24T11:47:44.477Z] Node Version: v6.10.3
[debug] [2017-06-24T11:47:44.478Z] Time:         Sat Jun 24 2017 18:47:44 GMT+0700 (+07)
[debug] [2017-06-24T11:47:44.479Z] ----------------------------------------------------------------------
[debug] 
[debug] [2017-06-24T11:47:44.499Z] > command requires scopes: ["email","openid","https://www.googleapis.com/auth/cloudplatformprojects.readonly","https://www.googleapis.com/auth/firebase","https://www.googleapis.com/auth/cloud-platform"]
[debug] [2017-06-24T11:47:44.500Z] > authorizing via signed-in user
[debug] [2017-06-24T11:47:44.503Z] >>> HTTP REQUEST GET https://admin.firebase.com/v1/projects/bluegear-c0aac  
 Sat Jun 24 2017 18:47:44 GMT+0700 (+07)
[debug] [2017-06-24T11:47:46.229Z] <<< HTTP RESPONSE 200
[debug] [2017-06-24T11:47:46.231Z] >>> HTTP REQUEST GET https://admin.firebase.com/v1/database/bluegear-c0aac/tokens  
 Sat Jun 24 2017 18:47:46 GMT+0700 (+07)
[debug] [2017-06-24T11:47:47.509Z] <<< HTTP RESPONSE 200
[info] 
[info] === Deploying to 'bluegear-c0aac'...
[info] 
[info] i  deploying database, functions, hosting
[info] ✔  database: rules ready to deploy.
[debug] [2017-06-24T11:47:50.476Z] > [functions] package.json contents: {
  "name": "functions",
  "description": "Cloud Functions for Firebase",
  "dependencies": {
    "firebase-admin": "~4.2.1",
    "firebase-functions": "^0.5.7"
  },
  "private": true
}
[info] i  functions: ensuring necessary APIs are enabled...
[info] i  runtimeconfig: ensuring necessary APIs are enabled...
[debug] [2017-06-24T11:47:50.479Z] >>> HTTP REQUEST GET https://servicemanagement.googleapis.com/v1/services/cloudfunctions.googleapis.com/projectSettings/bluegear-c0aac?view=CONSUMER_VIEW  
 Sat Jun 24 2017 18:47:50 GMT+0700 (+07)
[debug] [2017-06-24T11:47:50.481Z] >>> HTTP REQUEST GET https://servicemanagement.googleapis.com/v1/services/runtimeconfig.googleapis.com/projectSettings/bluegear-c0aac?view=CONSUMER_VIEW  
 Sat Jun 24 2017 18:47:50 GMT+0700 (+07)
[debug] [2017-06-24T11:47:52.424Z] <<< HTTP RESPONSE 200
[info] ✔  runtimeconfig: all necessary APIs are enabled
[debug] [2017-06-24T11:47:52.531Z] <<< HTTP RESPONSE 200
[info] ✔  functions: all necessary APIs are enabled
[debug] [2017-06-24T11:47:52.533Z] >>> HTTP REQUEST GET https://appengine.googleapis.com/v1/apps/bluegear-c0aac  
 Sat Jun 24 2017 18:47:52 GMT+0700 (+07)
[debug] [2017-06-24T11:47:52.534Z] >>> HTTP REQUEST GET https://apikeys.googleapis.com/v1/projects/bluegear-c0aac/apiKeys  
 Sat Jun 24 2017 18:47:52 GMT+0700 (+07)
[debug] [2017-06-24T11:47:54.162Z] <<< HTTP RESPONSE 200
[debug] [2017-06-24T11:47:54.243Z] <<< HTTP RESPONSE 200
[info] i  functions: preparing functions directory for uploading...
[debug] [2017-06-24T11:47:57.294Z] >>> HTTP REQUEST GET https://runtimeconfig.googleapis.com/v1beta1/projects/bluegear-c0aac/configs  
 Sat Jun 24 2017 18:47:57 GMT+0700 (+07)
[debug] [2017-06-24T11:47:57.896Z] <<< HTTP RESPONSE 200
[info] i  hosting: preparing dist directory for upload...
[debug] [2017-06-24T11:47:58.638Z] >>> HTTP REQUEST PUT https://deploy.firebase.com/v1/hosting/bluegear-c0aac/uploads/-KnOvVH1g01QJou9sled?fileCount=18&message=  
 Sat Jun 24 2017 18:47:58 GMT+0700 (+07)
